[05-Apr-2026 19:03:27 UTC] PHP Warning:  Undefined array key "host" in /workspaces/Assignment-4-Reshmi-/.wordpress/wp-includes/pluggable.php on line 1721
[05-Apr-2026 19:21:38 UTC] PHP Warning:  Undefined variable $parent_theme_name in /workspaces/Assignment-4-Reshmi-/.wordpress/wp-content/mu-plugins/one-click-child-theme/templates/create_child_form.php on line 18
[05-Apr-2026 19:36:00 UTC] PHP Fatal error:  Out of memory (allocated 37748736 bytes) (tried to allocate 2097152 bytes) in /workspaces/Assignment-4-Reshmi-/.wordpress/wp-content/plugins/ecommerce-product-catalog/includes/product-columns.php on line 115
[05-Apr-2026 19:36:00 UTC] PHP Fatal error:  Out of memory (allocated 37748736 bytes) (tried to allocate 2097152 bytes) in /workspaces/Assignment-4-Reshmi-/.wordpress/wp-includes/Requests/src/Cookie/Jar.php on line 32
[05-Apr-2026 19:36:00 UTC] PHP Fatal error:  Out of memory (allocated 33554432 bytes) (tried to allocate 2097152 bytes) in /workspaces/Assignment-4-Reshmi-/.wordpress/wp-content/plugins/ecommerce-product-catalog/includes/product-columns.php on line 115
[05-Apr-2026 19:36:00 UTC] PHP Fatal error:  Out of memory (allocated 33554432 bytes) (tried to allocate 2097152 bytes) in /workspaces/Assignment-4-Reshmi-/.wordpress/wp-includes/Requests/src/Cookie/Jar.php on line 32
[05-Apr-2026 19:36:04 UTC] PHP Fatal error:  Out of memory (allocated 31457280 bytes) (tried to allocate 2097152 bytes) in /workspaces/Assignment-4-Reshmi-/.wordpress/wp-content/plugins/ecommerce-product-catalog/includes/extensions.php on line 702
[05-Apr-2026 19:36:04 UTC] PHP Fatal error:  Out of memory (allocated 31457280 bytes) (tried to allocate 2097152 bytes) in /workspaces/Assignment-4-Reshmi-/.wordpress/wp-includes/Requests/src/Cookie/Jar.php on line 32
[05-Apr-2026 19:36:06 UTC] PHP Fatal error:  Out of memory (allocated 31457280 bytes) (tried to allocate 2097152 bytes) in /workspaces/Assignment-4-Reshmi-/.wordpress/wp-content/plugins/ecommerce-product-catalog/includes/extensions.php on line 698
[05-Apr-2026 19:36:06 UTC] PHP Fatal error:  Out of memory (allocated 31457280 bytes) (tried to allocate 2097152 bytes) in /workspaces/Assignment-4-Reshmi-/.wordpress/wp-includes/Requests/src/Cookie/Jar.php on line 32
[05-Apr-2026 19:36:07 UTC] PHP Fatal error:  Out of memory (allocated 31457280 bytes) (tried to allocate 2097152 bytes) in /workspaces/Assignment-4-Reshmi-/.wordpress/wp-content/plugins/ecommerce-product-catalog/includes/product-columns.php on line 95
[05-Apr-2026 19:36:07 UTC] PHP Fatal error:  Out of memory (allocated 31457280 bytes) (tried to allocate 2097152 bytes) in /workspaces/Assignment-4-Reshmi-/.wordpress/wp-includes/sodium_compat/src/Core/Util.php on line 12
[05-Apr-2026 19:36:08 UTC] PHP Fatal error:  Out of memory (allocated 31457280 bytes) (tried to allocate 2097152 bytes) in /workspaces/Assignment-4-Reshmi-/.wordpress/wp-content/plugins/ecommerce-product-catalog/includes/extensions.php on line 698
[05-Apr-2026 19:36:08 UTC] PHP Fatal error:  Out of memory (allocated 31457280 bytes) (tried to allocate 2097152 bytes) in /workspaces/Assignment-4-Reshmi-/.wordpress/wp-includes/Requests/src/Cookie/Jar.php on line 32
[05-Apr-2026 19:36:11 UTC] PHP Fatal error:  Out of memory (allocated 31457280 bytes) (tried to allocate 2097152 bytes) in /workspaces/Assignment-4-Reshmi-/.wordpress/wp-content/plugins/ecommerce-product-catalog/includes/product-columns.php on line 115
[05-Apr-2026 19:36:11 UTC] PHP Fatal error:  Out of memory (allocated 31457280 bytes) (tried to allocate 2097152 bytes) in /workspaces/Assignment-4-Reshmi-/.wordpress/wp-includes/Requests/src/Cookie/Jar.php on line 32
[05-Apr-2026 19:36:13 UTC] PHP Fatal error:  Out of memory (allocated 31457280 bytes) (tried to allocate 2097152 bytes) in /workspaces/Assignment-4-Reshmi-/.wordpress/wp-content/plugins/ecommerce-product-catalog/includes/product-columns.php on line 115
[05-Apr-2026 19:36:13 UTC] PHP Fatal error:  Out of memory (allocated 31457280 bytes) (tried to allocate 2097152 bytes) in /workspaces/Assignment-4-Reshmi-/.wordpress/wp-includes/Requests/src/Cookie/Jar.php on line 32
[05-Apr-2026 19:36:16 UTC] PHP Fatal error:  Out of memory (allocated 31457280 bytes) (tried to allocate 2097152 bytes) in /workspaces/Assignment-4-Reshmi-/.wordpress/wp-content/plugins/ecommerce-product-catalog/includes/extensions.php on line 698
[05-Apr-2026 19:36:16 UTC] PHP Fatal error:  Out of memory (allocated 31457280 bytes) (tried to allocate 2097152 bytes) in /workspaces/Assignment-4-Reshmi-/.wordpress/wp-includes/Requests/src/Cookie/Jar.php on line 32
[05-Apr-2026 19:36:17 UTC] PHP Fatal error:  Out of memory (allocated 31457280 bytes) (tried to allocate 2097152 bytes) in /workspaces/Assignment-4-Reshmi-/.wordpress/wp-content/plugins/ecommerce-product-catalog/includes/product-columns.php on line 95
[05-Apr-2026 19:36:17 UTC] PHP Fatal error:  Out of memory (allocated 31457280 bytes) (tried to allocate 2097152 bytes) in /workspaces/Assignment-4-Reshmi-/.wordpress/wp-includes/Requests/src/Cookie/Jar.php on line 32
[05-Apr-2026 19:36:17 UTC] PHP Fatal error:  Out of memory (allocated 31457280 bytes) (tried to allocate 2097152 bytes) in /workspaces/Assignment-4-Reshmi-/.wordpress/wp-content/plugins/ecommerce-product-catalog/includes/extensions.php on line 698
[05-Apr-2026 19:36:17 UTC] PHP Fatal error:  Out of memory (allocated 31457280 bytes) (tried to allocate 2097152 bytes) in /workspaces/Assignment-4-Reshmi-/.wordpress/wp-includes/Requests/src/Cookie/Jar.php on line 32
[05-Apr-2026 19:36:18 UTC] PHP Fatal error:  Out of memory (allocated 31457280 bytes) (tried to allocate 2097152 bytes) in /workspaces/Assignment-4-Reshmi-/.wordpress/wp-content/plugins/ecommerce-product-catalog/includes/extensions.php on line 698
[05-Apr-2026 19:36:18 UTC] PHP Fatal error:  Out of memory (allocated 31457280 bytes) (tried to allocate 2097152 bytes) in /workspaces/Assignment-4-Reshmi-/.wordpress/wp-includes/Requests/src/Cookie/Jar.php on line 32
[05-Apr-2026 19:36:19 UTC] PHP Fatal error:  Out of memory (allocated 31457280 bytes) (tried to allocate 2097152 bytes) in /workspaces/Assignment-4-Reshmi-/.wordpress/wp-content/plugins/ecommerce-product-catalog/includes/extensions.php on line 698
[05-Apr-2026 19:36:19 UTC] PHP Fatal error:  Out of memory (allocated 31457280 bytes) (tried to allocate 2097152 bytes) in /workspaces/Assignment-4-Reshmi-/.wordpress/wp-includes/Requests/src/Cookie/Jar.php on line 32
[05-Apr-2026 19:36:22 UTC] PHP Fatal error:  Out of memory (allocated 31457280 bytes) (tried to allocate 2097152 bytes) in /workspaces/Assignment-4-Reshmi-/.wordpress/wp-content/plugins/ecommerce-product-catalog/includes/extensions.php on line 698
[05-Apr-2026 19:36:22 UTC] PHP Fatal error:  Out of memory (allocated 31457280 bytes) (tried to allocate 2097152 bytes) in /workspaces/Assignment-4-Reshmi-/.wordpress/wp-includes/Requests/src/Cookie/Jar.php on line 32
[05-Apr-2026 19:36:27 UTC] PHP Fatal error:  Out of memory (allocated 31457280 bytes) (tried to allocate 2097152 bytes) in /workspaces/Assignment-4-Reshmi-/.wordpress/wp-content/plugins/ecommerce-product-catalog/includes/product-columns.php on line 95
[05-Apr-2026 19:36:27 UTC] PHP Fatal error:  Out of memory (allocated 31457280 bytes) (tried to allocate 2097152 bytes) in /workspaces/Assignment-4-Reshmi-/.wordpress/wp-includes/Requests/src/Cookie/Jar.php on line 32
[05-Apr-2026 19:36:28 UTC] PHP Fatal error:  Out of memory (allocated 31457280 bytes) (tried to allocate 2097152 bytes) in /workspaces/Assignment-4-Reshmi-/.wordpress/wp-content/plugins/ecommerce-product-catalog/includes/product-columns.php on line 115
[05-Apr-2026 19:36:28 UTC] PHP Fatal error:  Out of memory (allocated 31457280 bytes) (tried to allocate 2097152 bytes) in /workspaces/Assignment-4-Reshmi-/.wordpress/wp-includes/Requests/src/Cookie/Jar.php on line 32
[05-Apr-2026 19:36:31 UTC] PHP Fatal error:  Out of memory (allocated 31457280 bytes) (tried to allocate 2097152 bytes) in /workspaces/Assignment-4-Reshmi-/.wordpress/wp-content/plugins/ecommerce-product-catalog/includes/product-columns.php on line 115
[05-Apr-2026 19:36:31 UTC] PHP Fatal error:  Out of memory (allocated 31457280 bytes) (tried to allocate 2097152 bytes) in /workspaces/Assignment-4-Reshmi-/.wordpress/wp-includes/Requests/src/Cookie/Jar.php on line 32
[05-Apr-2026 19:36:36 UTC] PHP Fatal error:  Out of memory (allocated 31457280 bytes) (tried to allocate 2097152 bytes) in /workspaces/Assignment-4-Reshmi-/.wordpress/wp-content/plugins/ecommerce-product-catalog/includes/extensions.php on line 698
[05-Apr-2026 19:36:36 UTC] PHP Fatal error:  Out of memory (allocated 31457280 bytes) (tried to allocate 2097152 bytes) in /workspaces/Assignment-4-Reshmi-/.wordpress/wp-includes/Requests/src/Cookie/Jar.php on line 32
[05-Apr-2026 19:36:37 UTC] PHP Fatal error:  Out of memory (allocated 31457280 bytes) (tried to allocate 2097152 bytes) in /workspaces/Assignment-4-Reshmi-/.wordpress/wp-content/plugins/ecommerce-product-catalog/includes/product-columns.php on line 95
[05-Apr-2026 19:36:37 UTC] PHP Fatal error:  Out of memory (allocated 31457280 bytes) (tried to allocate 2097152 bytes) in /workspaces/Assignment-4-Reshmi-/.wordpress/wp-includes/Requests/src/Cookie/Jar.php on line 32
[05-Apr-2026 19:36:37 UTC] PHP Fatal error:  Out of memory (allocated 31457280 bytes) (tried to allocate 2097152 bytes) in /workspaces/Assignment-4-Reshmi-/.wordpress/wp-content/plugins/ecommerce-product-catalog/includes/extensions.php on line 698
[05-Apr-2026 19:36:37 UTC] PHP Fatal error:  Out of memory (allocated 31457280 bytes) (tried to allocate 2097152 bytes) in /workspaces/Assignment-4-Reshmi-/.wordpress/wp-includes/Requests/src/Cookie/Jar.php on line 32
[05-Apr-2026 19:36:37 UTC] PHP Fatal error:  Out of memory (allocated 31457280 bytes) (tried to allocate 2097152 bytes) in /workspaces/Assignment-4-Reshmi-/.wordpress/wp-content/plugins/ecommerce-product-catalog/includes/extensions.php on line 698
[05-Apr-2026 19:36:37 UTC] PHP Fatal error:  Out of memory (allocated 31457280 bytes) (tried to allocate 2097152 bytes) in /workspaces/Assignment-4-Reshmi-/.wordpress/wp-includes/Requests/src/Cookie/Jar.php on line 32
[05-Apr-2026 19:36:38 UTC] PHP Fatal error:  Out of memory (allocated 31457280 bytes) (tried to allocate 2097152 bytes) in /workspaces/Assignment-4-Reshmi-/.wordpress/wp-content/plugins/ecommerce-product-catalog/includes/extensions.php on line 698
[05-Apr-2026 19:36:38 UTC] PHP Fatal error:  Out of memory (allocated 31457280 bytes) (tried to allocate 2097152 bytes) in /workspaces/Assignment-4-Reshmi-/.wordpress/wp-includes/Requests/src/Cookie/Jar.php on line 32
[05-Apr-2026 19:36:39 UTC] PHP Fatal error:  Out of memory (allocated 31457280 bytes) (tried to allocate 2097152 bytes) in /workspaces/Assignment-4-Reshmi-/.wordpress/wp-content/plugins/ecommerce-product-catalog/includes/extensions.php on line 698
[05-Apr-2026 19:36:39 UTC] PHP Fatal error:  Out of memory (allocated 31457280 bytes) (tried to allocate 2097152 bytes) in /workspaces/Assignment-4-Reshmi-/.wordpress/wp-includes/Requests/src/Cookie/Jar.php on line 32
[05-Apr-2026 19:36:40 UTC] PHP Fatal error:  Out of memory (allocated 31457280 bytes) (tried to allocate 2097152 bytes) in /workspaces/Assignment-4-Reshmi-/.wordpress/wp-content/plugins/ecommerce-product-catalog/includes/extensions.php on line 698
[05-Apr-2026 19:36:40 UTC] PHP Fatal error:  Out of memory (allocated 31457280 bytes) (tried to allocate 2097152 bytes) in /workspaces/Assignment-4-Reshmi-/.wordpress/wp-includes/Requests/src/Cookie/Jar.php on line 32
[05-Apr-2026 19:36:43 UTC] PHP Fatal error:  Out of memory (allocated 31457280 bytes) (tried to allocate 2097152 bytes) in /workspaces/Assignment-4-Reshmi-/.wordpress/wp-content/plugins/ecommerce-product-catalog/includes/extensions.php on line 698
[05-Apr-2026 19:36:43 UTC] PHP Fatal error:  Out of memory (allocated 31457280 bytes) (tried to allocate 2097152 bytes) in /workspaces/Assignment-4-Reshmi-/.wordpress/wp-includes/Requests/src/Cookie/Jar.php on line 32
[05-Apr-2026 19:36:47 UTC] PHP Fatal error:  Out of memory (allocated 31457280 bytes) (tried to allocate 2097152 bytes) in /workspaces/Assignment-4-Reshmi-/.wordpress/wp-content/plugins/ecommerce-product-catalog/includes/product-columns.php on line 95
[05-Apr-2026 19:36:47 UTC] PHP Fatal error:  Out of memory (allocated 31457280 bytes) (tried to allocate 2097152 bytes) in /workspaces/Assignment-4-Reshmi-/.wordpress/wp-includes/Requests/src/Cookie/Jar.php on line 32
[05-Apr-2026 19:36:48 UTC] PHP Fatal error:  Out of memory (allocated 31457280 bytes) (tried to allocate 2097152 bytes) in /workspaces/Assignment-4-Reshmi-/.wordpress/wp-content/plugins/ecommerce-product-catalog/includes/product-columns.php on line 115
[05-Apr-2026 19:36:48 UTC] PHP Fatal error:  Out of memory (allocated 31457280 bytes) (tried to allocate 2097152 bytes) in /workspaces/Assignment-4-Reshmi-/.wordpress/wp-includes/Requests/src/Cookie/Jar.php on line 32
[05-Apr-2026 19:36:54 UTC] PHP Fatal error:  Out of memory (allocated 31457280 bytes) (tried to allocate 2097152 bytes) in /workspaces/Assignment-4-Reshmi-/.wordpress/wp-content/plugins/ecommerce-product-catalog/includes/product-columns.php on line 115
[05-Apr-2026 19:36:54 UTC] PHP Fatal error:  Out of memory (allocated 31457280 bytes) (tried to allocate 2097152 bytes) in /workspaces/Assignment-4-Reshmi-/.wordpress/wp-includes/Requests/src/Cookie/Jar.php on line 32
[05-Apr-2026 19:36:57 UTC] PHP Fatal error:  Out of memory (allocated 31457280 bytes) (tried to allocate 2097152 bytes) in /workspaces/Assignment-4-Reshmi-/.wordpress/wp-content/plugins/ecommerce-product-catalog/includes/product-columns.php on line 95
[05-Apr-2026 19:36:57 UTC] PHP Fatal error:  Out of memory (allocated 31457280 bytes) (tried to allocate 2097152 bytes) in /workspaces/Assignment-4-Reshmi-/.wordpress/wp-includes/Requests/src/Cookie/Jar.php on line 32
[05-Apr-2026 19:37:00 UTC] PHP Fatal error:  Out of memory (allocated 31457280 bytes) (tried to allocate 2097152 bytes) in /workspaces/Assignment-4-Reshmi-/.wordpress/wp-content/plugins/ecommerce-product-catalog/includes/extensions.php on line 698
[05-Apr-2026 19:37:00 UTC] PHP Fatal error:  Out of memory (allocated 31457280 bytes) (tried to allocate 2097152 bytes) in /workspaces/Assignment-4-Reshmi-/.wordpress/wp-includes/Requests/src/Cookie/Jar.php on line 32
[05-Apr-2026 19:37:05 UTC] PHP Fatal error:  Out of memory (allocated 31457280 bytes) (tried to allocate 2097152 bytes) in /workspaces/Assignment-4-Reshmi-/.wordpress/wp-content/plugins/ecommerce-product-catalog/includes/product-columns.php on line 115
[05-Apr-2026 19:37:05 UTC] PHP Fatal error:  Out of memory (allocated 31457280 bytes) (tried to allocate 2097152 bytes) in /workspaces/Assignment-4-Reshmi-/.wordpress/wp-includes/Requests/src/Cookie/Jar.php on line 32
[05-Apr-2026 19:37:07 UTC] PHP Fatal error:  Out of memory (allocated 31457280 bytes) (tried to allocate 2097152 bytes) in /workspaces/Assignment-4-Reshmi-/.wordpress/wp-content/plugins/ecommerce-product-catalog/includes/product-columns.php on line 95
[05-Apr-2026 19:37:07 UTC] PHP Fatal error:  Out of memory (allocated 31457280 bytes) (tried to allocate 2097152 bytes) in /workspaces/Assignment-4-Reshmi-/.wordpress/wp-includes/Requests/src/Cookie/Jar.php on line 32
[05-Apr-2026 19:37:08 UTC] PHP Fatal error:  Out of memory (allocated 31457280 bytes) (tried to allocate 2097152 bytes) in /workspaces/Assignment-4-Reshmi-/.wordpress/wp-content/plugins/ecommerce-product-catalog/includes/product-columns.php on line 115
[05-Apr-2026 19:37:08 UTC] PHP Fatal error:  Out of memory (allocated 31457280 bytes) (tried to allocate 2097152 bytes) in /workspaces/Assignment-4-Reshmi-/.wordpress/wp-includes/Requests/src/Cookie/Jar.php on line 32
[05-Apr-2026 19:37:12 UTC] PHP Fatal error:  Out of memory (allocated 31457280 bytes) (tried to allocate 2097152 bytes) in /workspaces/Assignment-4-Reshmi-/.wordpress/wp-content/plugins/ecommerce-product-catalog/includes/extensions.php on line 698
[05-Apr-2026 19:37:12 UTC] PHP Fatal error:  Out of memory (allocated 31457280 bytes) (tried to allocate 2097152 bytes) in /workspaces/Assignment-4-Reshmi-/.wordpress/wp-includes/Requests/src/Cookie/Jar.php on line 32
[05-Apr-2026 19:37:15 UTC] PHP Fatal error:  Out of memory (allocated 31457280 bytes) (tried to allocate 2097152 bytes) in /workspaces/Assignment-4-Reshmi-/.wordpress/wp-content/plugins/ecommerce-product-catalog/includes/extensions.php on line 698
[05-Apr-2026 19:37:15 UTC] PHP Fatal error:  Out of memory (allocated 31457280 bytes) (tried to allocate 2097152 bytes) in /workspaces/Assignment-4-Reshmi-/.wordpress/wp-includes/Requests/src/Cookie/Jar.php on line 32
[05-Apr-2026 19:37:17 UTC] PHP Fatal error:  Out of memory (allocated 31457280 bytes) (tried to allocate 2097152 bytes) in /workspaces/Assignment-4-Reshmi-/.wordpress/wp-content/plugins/ecommerce-product-catalog/includes/extensions.php on line 698
[05-Apr-2026 19:37:17 UTC] PHP Fatal error:  Out of memory (allocated 31457280 bytes) (tried to allocate 2097152 bytes) in /workspaces/Assignment-4-Reshmi-/.wordpress/wp-includes/Requests/src/Cookie/Jar.php on line 32
[05-Apr-2026 19:37:17 UTC] PHP Fatal error:  Out of memory (allocated 31457280 bytes) (tried to allocate 2097152 bytes) in /workspaces/Assignment-4-Reshmi-/.wordpress/wp-content/plugins/ecommerce-product-catalog/includes/product-columns.php on line 95
[05-Apr-2026 19:37:17 UTC] PHP Fatal error:  Out of memory (allocated 31457280 bytes) (tried to allocate 2097152 bytes) in /workspaces/Assignment-4-Reshmi-/.wordpress/wp-includes/Requests/src/Cookie/Jar.php on line 32
[05-Apr-2026 19:37:27 UTC] PHP Fatal error:  Out of memory (allocated 31457280 bytes) (tried to allocate 2097152 bytes) in /workspaces/Assignment-4-Reshmi-/.wordpress/wp-content/plugins/ecommerce-product-catalog/includes/product-columns.php on line 95
[05-Apr-2026 19:37:27 UTC] PHP Fatal error:  Out of memory (allocated 31457280 bytes) (tried to allocate 2097152 bytes) in /workspaces/Assignment-4-Reshmi-/.wordpress/wp-includes/Requests/src/Cookie/Jar.php on line 32
[05-Apr-2026 19:37:28 UTC] PHP Fatal error:  Out of memory (allocated 31457280 bytes) (tried to allocate 2097152 bytes) in /workspaces/Assignment-4-Reshmi-/.wordpress/wp-content/plugins/ecommerce-product-catalog/includes/product-columns.php on line 115
[05-Apr-2026 19:37:28 UTC] PHP Fatal error:  Out of memory (allocated 31457280 bytes) (tried to allocate 2097152 bytes) in /workspaces/Assignment-4-Reshmi-/.wordpress/wp-includes/Requests/src/Cookie/Jar.php on line 32
[05-Apr-2026 19:37:30 UTC] PHP Fatal error:  Out of memory (allocated 31457280 bytes) (tried to allocate 2097152 bytes) in /workspaces/Assignment-4-Reshmi-/.wordpress/wp-content/plugins/ecommerce-product-catalog/includes/register-product.php on line 313
[05-Apr-2026 19:37:30 UTC] PHP Fatal error:  Out of memory (allocated 31457280 bytes) (tried to allocate 131072 bytes) in /workspaces/Assignment-4-Reshmi-/.wordpress/wp-content/languages/admin-en_CA.l10n.php on line 2
